<?xml version="1.0" encoding="UTF-8"?>
<!-- Generated by org.testng.reporters.JUnitReportReporter -->
<testsuite hostname="LAPTOP-5URF67FJ" failures="0" tests="1" name="testCases.TC004_DigestAuthentication" time="0.483" errors="0" timestamp="2025-02-04T08:12:07 IST" skipped="0">
  <testcase classname="testCases.TC004_DigestAuthentication" name="digest_auth_validation" time="0.483"/>
</testsuite> <!-- testCases.TC004_DigestAuthentication -->
