<?xml version="1.0" encoding="UTF-8"?>
<!-- Generated by org.testng.reporters.JUnitReportReporter -->
<testsuite hostname="LAPTOP-5URF67FJ" failures="0" tests="1" name="testCases.TC005_DragAndDrop" time="0.643" errors="0" timestamp="2025-02-04T19:39:15 IST" skipped="0">
  <testcase classname="testCases.TC005_DragAndDrop" name="dragAndDropElement" time="0.643"/>
</testsuite> <!-- testCases.TC005_DragAndDrop -->
