<?xml version="1.0" encoding="UTF-8"?>
<!-- Generated by org.testng.reporters.JUnitReportReporter -->
<testsuite hostname="LAPTOP-5URF67FJ" failures="0" tests="1" name="testCases.TC003_ContextMenu" time="0.457" errors="0" timestamp="2025-02-03T02:26:11 IST" skipped="0">
  <testcase classname="testCases.TC003_ContextMenu" name="context_menu_validation" time="0.457"/>
</testsuite> <!-- testCases.TC003_ContextMenu -->
