<?xml version="1.0" encoding="UTF-8"?>
<!-- Generated by org.testng.reporters.JUnitReportReporter -->
<testsuite hostname="LAPTOP-5URF67FJ" failures="0" tests="1" name="testCases.TC007_FormAuth" time="3.112" errors="0" timestamp="2025-02-13T23:22:03 IST" skipped="0">
  <testcase classname="testCases.TC007_FormAuth" name="validateFormAuthentication" time="3.112"/>
</testsuite> <!-- testCases.TC007_FormAuth -->
