<?xml version="1.0" encoding="UTF-8"?>
<!-- Generated by org.testng.reporters.JUnitReportReporter -->
<testsuite hostname="LAPTOP-5URF67FJ" failures="0" tests="1" name="testCases.TC001_CheckboxDemo" time="2.509" errors="0" timestamp="2025-01-30T06:17:03 IST" skipped="0">
  <testcase classname="testCases.TC001_CheckboxDemo" name="checkbox_demo" time="2.509"/>
</testsuite> <!-- testCases.TC001_CheckboxDemo -->
