<?xml version="1.0" encoding="UTF-8"?>
<!-- Generated by org.testng.reporters.JUnitReportReporter -->
<testsuite hostname="LAPTOP-5URF67FJ" failures="0" tests="1" name="testCases.TC006_Dropdown" time="6.912" errors="0" timestamp="2025-02-06T03:08:09 IST" skipped="0">
  <testcase classname="testCases.TC006_Dropdown" name="dropdownTest" time="6.912"/>
</testsuite> <!-- testCases.TC006_Dropdown -->
